build/app/intermediates/manifest_merge_blame_file/debug/manifest-merger-blame-debug-report.txt
1<?xml version="1.0" encoding="utf-8"?>
2<manifest xmlns:android="http://schemas.android.com/apk/res/android"
3    package="com.technion.savet"
4    android:versionCode="1"
5    android:versionName="1.0.0" >
6
7    <uses-sdk
8        android:minSdkVersion="19"
9        android:targetSdkVersion="31" />
10    <!--
11         Flutter needs it to communicate with the running application
12         to allow setting breakpoints, to provide hot reload, etc.
13    -->
14    <uses-permission android:name="android.permission.INTERNET" />
14-->src\main\AndroidManifest.xml:64:5-66
14-->src\main\AndroidManifest.xml:64:22-64
15
16    <queries>
16-->src\main\AndroidManifest.xml:4:5-7:15
17        <provider android:authorities="com.facebook.katana.provider.PlatformProvider" />
17-->src\main\AndroidManifest.xml:5:9-89
17-->src\main\AndroidManifest.xml:5:19-86
18        <provider android:authorities="com.facebook.orca.provider.PlatformProvider" />
18-->src\main\AndroidManifest.xml:5:9-89
18-->src\main\AndroidManifest.xml:5:19-86
19    </queries>
20
21    <uses-permission android:name="com.google.android.gms.permission.AD_ID" />
21-->src\main\AndroidManifest.xml:63:5-78
21-->src\main\AndroidManifest.xml:63:22-76
22    <uses-permission android:name="com.android.alarm.permission.SET_ALARM" />
22-->[:flutter_alarm_clock] AndroidManifest.xml:7:5-78
22-->[:flutter_alarm_clock] AndroidManifest.xml:7:22-75
23    <uses-permission android:name="android.permission.RECEIVE_BOOT_COMPLETED" />
23-->[:flutter_local_notifications] AndroidManifest.xml:7:5-81
23-->[:flutter_local_notifications] AndroidManifest.xml:7:22-78
24    <uses-permission android:name="android.permission.VIBRATE" />
24-->[:flutter_local_notifications] AndroidManifest.xml:8:5-66
24-->[:flutter_local_notifications] AndroidManifest.xml:8:22-63
25    <uses-permission android:name="android.permission.USE_FULL_SCREEN_INTENT" />
25-->[:flutter_local_notifications] AndroidManifest.xml:9:5-81
25-->[:flutter_local_notifications] AndroidManifest.xml:9:22-78
26    <uses-permission android:name="android.permission.ACCESS_NETWORK_STATE" />
26-->[com.google.firebase:firebase-auth:21.0.3] AndroidManifest.xml:24:5-79
26-->[com.google.firebase:firebase-auth:21.0.3] AndroidManifest.xml:24:22-76
27    <uses-permission android:name="com.google.android.finsky.permission.BIND_GET_INSTALL_REFERRER_SERVICE" />
27-->[com.android.installreferrer:installreferrer:1.0] AndroidManifest.xml:9:5-110
27-->[com.android.installreferrer:installreferrer:1.0] AndroidManifest.xml:9:22-107
28
29    <application
30        android:name="android.app.Application"
31        android:appComponentFactory="androidx.core.app.CoreComponentFactory"
31-->[androidx.core:core:1.7.0] AndroidManifest.xml:24:18-86
32        android:debuggable="true"
33        android:icon="@mipmap/ic_launcher"
34        android:label="savet"
35        android:supportsRtl="true" >
35-->[com.facebook.android:facebook-login:14.0.0] AndroidManifest.xml:28:18-44
36        <meta-data
37            android:name="com.facebook.sdk.ApplicationId"
38            android:value="@string/facebook_app_id" />
39        <meta-data
40            android:name="com.facebook.sdk.ClientToken"
41            android:value="@string/facebook_client_token" />
42
43        <activity
44            android:name="com.technion.savet.MainActivity"
45            android:configChanges="orientation|keyboardHidden|keyboard|screenSize|smallestScreenSize|locale|layoutDirection|fontScale|screenLayout|density|uiMode"
46            android:exported="true"
47            android:hardwareAccelerated="true"
48            android:launchMode="singleTop"
49            android:theme="@style/LaunchTheme"
50            android:windowSoftInputMode="adjustResize" >
51
52            <!--
53                 Specifies an Android theme to apply to this Activity as soon as
54                 the Android process has started. This theme is visible to the user
55                 while the Flutter UI initializes. After that, this theme continues
56                 to determine the Window background behind the Flutter UI.
57            -->
58
59            <meta-data
60                android:name="io.flutter.embedding.android.NormalTheme"
61                android:resource="@style/NormalTheme" />
62
63            <intent-filter>
64                <action android:name="android.intent.action.MAIN" />
65
66                <category android:name="android.intent.category.LAUNCHER" />
67            </intent-filter>
68        </activity>
69        <!--
70             Don't delete the meta-data below.
71             This is used by the Flutter tool to generate GeneratedPluginRegistrant.java
72        -->
73        <meta-data
74            android:name="flutterEmbedding"
75            android:value="2" />
76
77        <activity
78            android:name="com.facebook.FacebookActivity"
79            android:configChanges="keyboard|keyboardHidden|screenLayout|screenSize|orientation"
80            android:label="@string/app_name"
81            android:theme="@style/com_facebook_activity_theme" />
81-->[com.facebook.android:facebook-common:14.0.0] AndroidManifest.xml:33:13-63
82        <activity
83            android:name="com.facebook.CustomTabActivity"
84            android:exported="true" >
85            <intent-filter>
86                <action android:name="android.intent.action.VIEW" />
86-->[com.google.firebase:firebase-auth:21.0.3] AndroidManifest.xml:34:17-69
86-->[com.google.firebase:firebase-auth:21.0.3] AndroidManifest.xml:34:25-66
87
88                <category android:name="android.intent.category.DEFAULT" />
88-->[com.google.firebase:firebase-auth:21.0.3] AndroidManifest.xml:36:17-76
88-->[com.google.firebase:firebase-auth:21.0.3] AndroidManifest.xml:36:27-73
89                <category android:name="android.intent.category.BROWSABLE" />
89-->[com.google.firebase:firebase-auth:21.0.3] AndroidManifest.xml:37:17-78
89-->[com.google.firebase:firebase-auth:21.0.3] AndroidManifest.xml:37:27-75
90
91                <data android:scheme="@string/fb_login_protocol_scheme" />
91-->[com.google.firebase:firebase-auth:21.0.3] AndroidManifest.xml:39:17-42:51
91-->[com.google.firebase:firebase-auth:21.0.3] AndroidManifest.xml:42:21-48
92            </intent-filter>
93            <intent-filter>
93-->[com.facebook.android:facebook-common:14.0.0] AndroidManifest.xml:39:13-48:29
94                <action android:name="android.intent.action.VIEW" />
94-->[com.google.firebase:firebase-auth:21.0.3] AndroidManifest.xml:34:17-69
94-->[com.google.firebase:firebase-auth:21.0.3] AndroidManifest.xml:34:25-66
95
96                <category android:name="android.intent.category.DEFAULT" />
96-->[com.google.firebase:firebase-auth:21.0.3] AndroidManifest.xml:36:17-76
96-->[com.google.firebase:firebase-auth:21.0.3] AndroidManifest.xml:36:27-73
97                <category android:name="android.intent.category.BROWSABLE" />
97-->[com.google.firebase:firebase-auth:21.0.3] AndroidManifest.xml:37:17-78
97-->[com.google.firebase:firebase-auth:21.0.3] AndroidManifest.xml:37:27-75
98
99                <data
99-->[com.google.firebase:firebase-auth:21.0.3] AndroidManifest.xml:39:17-42:51
100                    android:host="cct.com.technion.savet"
100-->[com.google.firebase:firebase-auth:21.0.3] AndroidManifest.xml:40:21-49
101                    android:scheme="fbconnect" />
101-->[com.google.firebase:firebase-auth:21.0.3] AndroidManifest.xml:42:21-48
102            </intent-filter>
103        </activity>
104
105        <service
105-->[:cloud_firestore] AndroidManifest.xml:8:9-12:19
106            android:name="com.google.firebase.components.ComponentDiscoveryService"
106-->[:cloud_firestore] AndroidManifest.xml:8:18-89
107            android:directBootAware="true"
107-->[com.google.firebase:firebase-common:20.1.1] AndroidManifest.xml:35:13-43
108            android:exported="false" >
108-->[com.google.firebase:firebase-auth:21.0.3] AndroidManifest.xml:66:13-37
109            <meta-data
109-->[:cloud_firestore] AndroidManifest.xml:9:13-11:85
110                android:name="com.google.firebase.components:io.flutter.plugins.firebase.firestore.FlutterFirebaseFirestoreRegistrar"
110-->[:cloud_firestore] AndroidManifest.xml:10:17-134
111                android:value="com.google.firebase.components.ComponentRegistrar" />
111-->[:cloud_firestore] AndroidManifest.xml:11:17-82
112            <meta-data
112-->[:firebase_auth] AndroidManifest.xml:9:13-11:85
113                android:name="com.google.firebase.components:io.flutter.plugins.firebase.auth.FlutterFirebaseAuthRegistrar"
113-->[:firebase_auth] AndroidManifest.xml:10:17-124
114                android:value="com.google.firebase.components.ComponentRegistrar" />
114-->[:firebase_auth] AndroidManifest.xml:11:17-82
115            <meta-data
115-->[:firebase_storage] AndroidManifest.xml:9:13-11:85
116                android:name="com.google.firebase.components:io.flutter.plugins.firebase.storage.FlutterFirebaseAppRegistrar"
116-->[:firebase_storage] AndroidManifest.xml:10:17-126
117                android:value="com.google.firebase.components.ComponentRegistrar" />
117-->[:firebase_storage] AndroidManifest.xml:11:17-82
118            <meta-data
118-->[:firebase_core] AndroidManifest.xml:9:13-11:85
119                android:name="com.google.firebase.components:io.flutter.plugins.firebase.core.FlutterFirebaseCoreRegistrar"
119-->[:firebase_core] AndroidManifest.xml:10:17-124
120                android:value="com.google.firebase.components.ComponentRegistrar" />
120-->[:firebase_core] AndroidManifest.xml:11:17-82
121            <meta-data
121-->[com.google.firebase:firebase-auth:21.0.3] AndroidManifest.xml:67:13-69:85
122                android:name="com.google.firebase.components:com.google.firebase.auth.FirebaseAuthRegistrar"
122-->[com.google.firebase:firebase-auth:21.0.3] AndroidManifest.xml:68:17-109
123                android:value="com.google.firebase.components.ComponentRegistrar" />
123-->[com.google.firebase:firebase-auth:21.0.3] AndroidManifest.xml:69:17-82
124            <meta-data
124-->[com.google.firebase:firebase-firestore:24.1.2] AndroidManifest.xml:20:13-22:85
125                android:name="com.google.firebase.components:com.google.firebase.firestore.FirestoreRegistrar"
125-->[com.google.firebase:firebase-firestore:24.1.2] AndroidManifest.xml:21:17-111
126                android:value="com.google.firebase.components.ComponentRegistrar" />
126-->[com.google.firebase:firebase-firestore:24.1.2] AndroidManifest.xml:22:17-82
127            <meta-data
127-->[com.google.firebase:firebase-storage:20.0.1] AndroidManifest.xml:33:13-35:85
128                android:name="com.google.firebase.components:com.google.firebase.storage.StorageRegistrar"
128-->[com.google.firebase:firebase-storage:20.0.1] AndroidManifest.xml:34:17-107
129                android:value="com.google.firebase.components.ComponentRegistrar" />
129-->[com.google.firebase:firebase-storage:20.0.1] AndroidManifest.xml:35:17-82
130        </service>
131
132        <provider
132-->[:image_picker_android] AndroidManifest.xml:8:9-16:20
133            android:name="io.flutter.plugins.imagepicker.ImagePickerFileProvider"
133-->[:image_picker_android] AndroidManifest.xml:9:13-82
134            android:authorities="com.technion.savet.flutter.image_provider"
134-->[:image_picker_android] AndroidManifest.xml:10:13-74
135            android:exported="false"
135-->[:image_picker_android] AndroidManifest.xml:11:13-37
136            android:grantUriPermissions="true" >
136-->[:image_picker_android] AndroidManifest.xml:12:13-47
137            <meta-data
137-->[:image_picker_android] AndroidManifest.xml:13:13-15:75
138                android:name="android.support.FILE_PROVIDER_PATHS"
138-->[:image_picker_android] AndroidManifest.xml:14:17-67
139                android:resource="@xml/flutter_image_picker_file_paths" />
139-->[:image_picker_android] AndroidManifest.xml:15:17-72
140        </provider>
141
142        <receiver android:name="com.dexterous.flutterlocalnotifications.ScheduledNotificationReceiver" />
142-->[:flutter_local_notifications] AndroidManifest.xml:12:9-106
142-->[:flutter_local_notifications] AndroidManifest.xml:12:19-103
143        <receiver android:name="com.dexterous.flutterlocalnotifications.ScheduledNotificationBootReceiver" >
143-->[:flutter_local_notifications] AndroidManifest.xml:13:9-20:20
143-->[:flutter_local_notifications] AndroidManifest.xml:13:19-107
144            <intent-filter>
144-->[:flutter_local_notifications] AndroidManifest.xml:14:13-19:29
145                <action android:name="android.intent.action.BOOT_COMPLETED" />
145-->[:flutter_local_notifications] AndroidManifest.xml:15:17-79
145-->[:flutter_local_notifications] AndroidManifest.xml:15:25-76
146                <action android:name="android.intent.action.MY_PACKAGE_REPLACED" />
146-->[:flutter_local_notifications] AndroidManifest.xml:16:17-84
146-->[:flutter_local_notifications] AndroidManifest.xml:16:25-81
147                <action android:name="android.intent.action.QUICKBOOT_POWERON" />
147-->[:flutter_local_notifications] AndroidManifest.xml:17:17-82
147-->[:flutter_local_notifications] AndroidManifest.xml:17:25-79
148                <action android:name="com.htc.intent.action.QUICKBOOT_POWERON" />
148-->[:flutter_local_notifications] AndroidManifest.xml:18:17-82
148-->[:flutter_local_notifications] AndroidManifest.xml:18:25-79
149            </intent-filter>
150        </receiver>
151
152        <uses-library
152-->[androidx.window:window:1.0.0-beta04] AndroidManifest.xml:25:9-27:40
153            android:name="androidx.window.extensions"
153-->[androidx.window:window:1.0.0-beta04] AndroidManifest.xml:26:13-54
154            android:required="false" />
154-->[androidx.window:window:1.0.0-beta04] AndroidManifest.xml:27:13-37
155        <uses-library
155-->[androidx.window:window:1.0.0-beta04] AndroidManifest.xml:28:9-30:40
156            android:name="androidx.window.sidecar"
156-->[androidx.window:window:1.0.0-beta04] AndroidManifest.xml:29:13-51
157            android:required="false" />
157-->[androidx.window:window:1.0.0-beta04] AndroidManifest.xml:30:13-37
158
159        <activity
159-->[com.google.firebase:firebase-auth:21.0.3] AndroidManifest.xml:27:9-44:20
160            android:name="com.google.firebase.auth.internal.GenericIdpActivity"
160-->[com.google.firebase:firebase-auth:21.0.3] AndroidManifest.xml:28:13-80
161            android:excludeFromRecents="true"
161-->[com.google.firebase:firebase-auth:21.0.3] AndroidManifest.xml:29:13-46
162            android:exported="true"
162-->[com.google.firebase:firebase-auth:21.0.3] AndroidManifest.xml:30:13-36
163            android:launchMode="singleTask"
163-->[com.google.firebase:firebase-auth:21.0.3] AndroidManifest.xml:31:13-44
164            android:theme="@android:style/Theme.Translucent.NoTitleBar" >
164-->[com.google.firebase:firebase-auth:21.0.3] AndroidManifest.xml:32:13-72
165            <intent-filter>
165-->[com.google.firebase:firebase-auth:21.0.3] AndroidManifest.xml:33:13-43:29
166                <action android:name="android.intent.action.VIEW" />
166-->[com.google.firebase:firebase-auth:21.0.3] AndroidManifest.xml:34:17-69
166-->[com.google.firebase:firebase-auth:21.0.3] AndroidManifest.xml:34:25-66
167
168                <category android:name="android.intent.category.DEFAULT" />
168-->[com.google.firebase:firebase-auth:21.0.3] AndroidManifest.xml:36:17-76
168-->[com.google.firebase:firebase-auth:21.0.3] AndroidManifest.xml:36:27-73
169                <category android:name="android.intent.category.BROWSABLE" />
169-->[com.google.firebase:firebase-auth:21.0.3] AndroidManifest.xml:37:17-78
169-->[com.google.firebase:firebase-auth:21.0.3] AndroidManifest.xml:37:27-75
170
171                <data
171-->[com.google.firebase:firebase-auth:21.0.3] AndroidManifest.xml:39:17-42:51
172                    android:host="firebase.auth"
172-->[com.google.firebase:firebase-auth:21.0.3] AndroidManifest.xml:40:21-49
173                    android:path="/"
173-->[com.google.firebase:firebase-auth:21.0.3] AndroidManifest.xml:41:21-37
174                    android:scheme="genericidp" />
174-->[com.google.firebase:firebase-auth:21.0.3] AndroidManifest.xml:42:21-48
175            </intent-filter>
176        </activity>
177        <activity
177-->[com.google.firebase:firebase-auth:21.0.3] AndroidManifest.xml:45:9-62:20
178            android:name="com.google.firebase.auth.internal.RecaptchaActivity"
178-->[com.google.firebase:firebase-auth:21.0.3] AndroidManifest.xml:46:13-79
179            android:excludeFromRecents="true"
179-->[com.google.firebase:firebase-auth:21.0.3] AndroidManifest.xml:47:13-46
180            android:exported="true"
180-->[com.google.firebase:firebase-auth:21.0.3] AndroidManifest.xml:48:13-36
181            android:launchMode="singleTask"
181-->[com.google.firebase:firebase-auth:21.0.3] AndroidManifest.xml:49:13-44
182            android:theme="@android:style/Theme.Translucent.NoTitleBar" >
182-->[com.google.firebase:firebase-auth:21.0.3] AndroidManifest.xml:50:13-72
183            <intent-filter>
183-->[com.google.firebase:firebase-auth:21.0.3] AndroidManifest.xml:51:13-61:29
184                <action android:name="android.intent.action.VIEW" />
184-->[com.google.firebase:firebase-auth:21.0.3] AndroidManifest.xml:34:17-69
184-->[com.google.firebase:firebase-auth:21.0.3] AndroidManifest.xml:34:25-66
185
186                <category android:name="android.intent.category.DEFAULT" />
186-->[com.google.firebase:firebase-auth:21.0.3] AndroidManifest.xml:36:17-76
186-->[com.google.firebase:firebase-auth:21.0.3] AndroidManifest.xml:36:27-73
187                <category android:name="android.intent.category.BROWSABLE" />
187-->[com.google.firebase:firebase-auth:21.0.3] AndroidManifest.xml:37:17-78
187-->[com.google.firebase:firebase-auth:21.0.3] AndroidManifest.xml:37:27-75
188
189                <data
189-->[com.google.firebase:firebase-auth:21.0.3] AndroidManifest.xml:39:17-42:51
190                    android:host="firebase.auth"
190-->[com.google.firebase:firebase-auth:21.0.3] AndroidManifest.xml:40:21-49
191                    android:path="/"
191-->[com.google.firebase:firebase-auth:21.0.3] AndroidManifest.xml:41:21-37
192                    android:scheme="recaptcha" />
192-->[com.google.firebase:firebase-auth:21.0.3] AndroidManifest.xml:42:21-48
193            </intent-filter>
194        </activity>
195
196        <provider
196-->[com.google.firebase:firebase-common:20.1.1] AndroidManifest.xml:26:9-31:39
197            android:name="com.google.firebase.provider.FirebaseInitProvider"
197-->[com.google.firebase:firebase-common:20.1.1] AndroidManifest.xml:27:13-77
198            android:authorities="com.technion.savet.firebaseinitprovider"
198-->[com.google.firebase:firebase-common:20.1.1] AndroidManifest.xml:28:13-72
199            android:directBootAware="true"
199-->[com.google.firebase:firebase-common:20.1.1] AndroidManifest.xml:29:13-43
200            android:exported="false"
200-->[com.google.firebase:firebase-common:20.1.1] AndroidManifest.xml:30:13-37
201            android:initOrder="100" />
201-->[com.google.firebase:firebase-common:20.1.1] AndroidManifest.xml:31:13-36
202
203        <activity android:name="com.facebook.CustomTabMainActivity" />
203-->[com.facebook.android:facebook-common:14.0.0] AndroidManifest.xml:34:9-71
203-->[com.facebook.android:facebook-common:14.0.0] AndroidManifest.xml:34:19-68
204        <!--
205         The initialization ContentProvider will call FacebookSdk.sdkInitialize automatically
206         with the application context. This config is merged in with the host app's manifest,
207         but there can only be one provider with the same authority activated at any given
208         point; so if the end user has two or more different apps that use Facebook SDK, only the
209         first one will be able to use the provider. To work around this problem, we use the
210         following placeholder in the authority to identify each host application as if it was
211         a completely different provider.
212        -->
213        <provider
213-->[com.facebook.android:facebook-core:14.0.0] AndroidManifest.xml:41:9-44:40
214            android:name="com.facebook.internal.FacebookInitProvider"
214-->[com.facebook.android:facebook-core:14.0.0] AndroidManifest.xml:42:13-70
215            android:authorities="com.technion.savet.FacebookInitProvider"
215-->[com.facebook.android:facebook-core:14.0.0] AndroidManifest.xml:43:13-72
216            android:exported="false" />
216-->[com.facebook.android:facebook-core:14.0.0] AndroidManifest.xml:44:13-37
217
218        <receiver
218-->[com.facebook.android:facebook-core:14.0.0] AndroidManifest.xml:46:9-52:20
219            android:name="com.facebook.CurrentAccessTokenExpirationBroadcastReceiver"
219-->[com.facebook.android:facebook-core:14.0.0] AndroidManifest.xml:47:13-86
220            android:exported="false" >
220-->[com.facebook.android:facebook-core:14.0.0] AndroidManifest.xml:48:13-37
221            <intent-filter>
221-->[com.facebook.android:facebook-core:14.0.0] AndroidManifest.xml:49:13-51:29
222                <action android:name="com.facebook.sdk.ACTION_CURRENT_ACCESS_TOKEN_CHANGED" />
222-->[com.facebook.android:facebook-core:14.0.0] AndroidManifest.xml:50:17-95
222-->[com.facebook.android:facebook-core:14.0.0] AndroidManifest.xml:50:25-92
223            </intent-filter>
224        </receiver>
225        <receiver
225-->[com.facebook.android:facebook-core:14.0.0] AndroidManifest.xml:53:9-59:20
226            android:name="com.facebook.AuthenticationTokenManager$CurrentAuthenticationTokenChangedBroadcastReceiver"
226-->[com.facebook.android:facebook-core:14.0.0] AndroidManifest.xml:54:13-118
227            android:exported="false" >
227-->[com.facebook.android:facebook-core:14.0.0] AndroidManifest.xml:55:13-37
228            <intent-filter>
228-->[com.facebook.android:facebook-core:14.0.0] AndroidManifest.xml:56:13-58:29
229                <action android:name="com.facebook.sdk.ACTION_CURRENT_AUTHENTICATION_TOKEN_CHANGED" />
229-->[com.facebook.android:facebook-core:14.0.0] AndroidManifest.xml:57:17-103
229-->[com.facebook.android:facebook-core:14.0.0] AndroidManifest.xml:57:25-100
230            </intent-filter>
231        </receiver>
232
233        <activity
233-->[com.google.android.gms:play-services-auth:20.0.1] AndroidManifest.xml:23:9-27:75
234            android:name="com.google.android.gms.auth.api.signin.internal.SignInHubActivity"
234-->[com.google.android.gms:play-services-auth:20.0.1] AndroidManifest.xml:24:13-93
235            android:excludeFromRecents="true"
235-->[com.google.android.gms:play-services-auth:20.0.1] AndroidManifest.xml:25:13-46
236            android:exported="false"
236-->[com.google.android.gms:play-services-auth:20.0.1] AndroidManifest.xml:26:13-37
237            android:theme="@android:style/Theme.Translucent.NoTitleBar" />
237-->[com.google.android.gms:play-services-auth:20.0.1] AndroidManifest.xml:27:13-72
238        <!--
239            Service handling Google Sign-In user revocation. For apps that do not integrate with
240            Google Sign-In, this service will never be started.
241        -->
242        <service
242-->[com.google.android.gms:play-services-auth:20.0.1] AndroidManifest.xml:33:9-37:51
243            android:name="com.google.android.gms.auth.api.signin.RevocationBoundService"
243-->[com.google.android.gms:play-services-auth:20.0.1] AndroidManifest.xml:34:13-89
244            android:exported="true"
244-->[com.google.android.gms:play-services-auth:20.0.1] AndroidManifest.xml:35:13-36
245            android:permission="com.google.android.gms.auth.api.signin.permission.REVOCATION_NOTIFICATION"
245-->[com.google.android.gms:play-services-auth:20.0.1] AndroidManifest.xml:36:13-107
246            android:visibleToInstantApps="true" />
246-->[com.google.android.gms:play-services-auth:20.0.1] AndroidManifest.xml:37:13-48
247
248        <activity
248-->[com.google.android.gms:play-services-base:18.0.1] AndroidManifest.xml:20:9-22:45
249            android:name="com.google.android.gms.common.api.GoogleApiActivity"
249-->[com.google.android.gms:play-services-base:18.0.1] AndroidManifest.xml:20:19-85
250            android:exported="false"
250-->[com.google.android.gms:play-services-base:18.0.1] AndroidManifest.xml:22:19-43
251            android:theme="@android:style/Theme.Translucent.NoTitleBar" />
251-->[com.google.android.gms:play-services-base:18.0.1] AndroidManifest.xml:21:19-78
252
253        <meta-data
253-->[com.google.android.gms:play-services-basement:18.0.0] AndroidManifest.xml:21:9-23:69
254            android:name="com.google.android.gms.version"
254-->[com.google.android.gms:play-services-basement:18.0.0] AndroidManifest.xml:22:13-58
255            android:value="@integer/google_play_services_version" />
255-->[com.google.android.gms:play-services-basement:18.0.0] AndroidManifest.xml:23:13-66
256    </application>
257
258</manifest>